Determining if the pthread_create exist failed with the following output:
Change Dir: /home/predator/Documents/Project/temp/libsoundio/CMakeFiles/CMakeTmp

Run Build Command:"/usr/bin/make" "cmTC_6ab5d/fast"
/usr/bin/make -f CMakeFiles/cmTC_6ab5d.dir/build.make CMakeFiles/cmTC_6ab5d.dir/build
make[1]: Entering directory '/home/predator/Documents/Project/temp/libsoundio/CMakeFiles/CMakeTmp'
Building C object CMakeFiles/cmTC_6ab5d.dir/CheckSymbolExists.c.o
/usr/bin/cc     -o CMakeFiles/cmTC_6ab5d.dir/CheckSymbolExists.c.o   -c /home/predator/Documents/Project/temp/libsoundio/CMakeFiles/CMakeTmp/CheckSymbolExists.c
Linking C executable cmTC_6ab5d
/usr/bin/cmake -E cmake_link_script CMakeFiles/cmTC_6ab5d.dir/link.txt --verbose=1
/usr/bin/cc       CMakeFiles/cmTC_6ab5d.dir/CheckSymbolExists.c.o  -o cmTC_6ab5d -rdynamic 
CMakeFiles/cmTC_6ab5d.dir/CheckSymbolExists.c.o: In function `main':
CheckSymbolExists.c:(.text+0x16): undefined reference to `pthread_create'
collect2: error: ld returned 1 exit status
CMakeFiles/cmTC_6ab5d.dir/build.make:97: recipe for target 'cmTC_6ab5d' failed
make[1]: *** [cmTC_6ab5d] Error 1
make[1]: Leaving directory '/home/predator/Documents/Project/temp/libsoundio/CMakeFiles/CMakeTmp'
Makefile:126: recipe for target 'cmTC_6ab5d/fast' failed
make: *** [cmTC_6ab5d/fast] Error 2

File /home/predator/Documents/Project/temp/libsoundio/CMakeFiles/CMakeTmp/CheckSymbolExists.c:
/* */
#include <pthread.h>

int main(int argc, char** argv)
{
  (void)argv;
#ifndef pthread_create
  return ((int*)(&pthread_create))[argc];
#else
  (void)argc;
  return 0;
#endif
}

Determining if the function pthread_create exists in the pthreads failed with the following output:
Change Dir: /home/predator/Documents/Project/temp/libsoundio/CMakeFiles/CMakeTmp

Run Build Command:"/usr/bin/make" "cmTC_4fe1b/fast"
/usr/bin/make -f CMakeFiles/cmTC_4fe1b.dir/build.make CMakeFiles/cmTC_4fe1b.dir/build
make[1]: Entering directory '/home/predator/Documents/Project/temp/libsoundio/CMakeFiles/CMakeTmp'
Building C object CMakeFiles/cmTC_4fe1b.dir/CheckFunctionExists.c.o
/usr/bin/cc    -DCHECK_FUNCTION_EXISTS=pthread_create   -o CMakeFiles/cmTC_4fe1b.dir/CheckFunctionExists.c.o   -c /usr/share/cmake-3.5/Modules/CheckFunctionExists.c
Linking C executable cmTC_4fe1b
/usr/bin/cmake -E cmake_link_script CMakeFiles/cmTC_4fe1b.dir/link.txt --verbose=1
/usr/bin/cc   -DCHECK_FUNCTION_EXISTS=pthread_create    CMakeFiles/cmTC_4fe1b.dir/CheckFunctionExists.c.o  -o cmTC_4fe1b -rdynamic -lpthreads 
/usr/bin/ld: cannot find -lpthreads
collect2: error: ld returned 1 exit status
CMakeFiles/cmTC_4fe1b.dir/build.make:97: recipe for target 'cmTC_4fe1b' failed
make[1]: *** [cmTC_4fe1b] Error 1
make[1]: Leaving directory '/home/predator/Documents/Project/temp/libsoundio/CMakeFiles/CMakeTmp'
Makefile:126: recipe for target 'cmTC_4fe1b/fast' failed
make: *** [cmTC_4fe1b/fast] Error 2


Determining if the function jack_set_port_rename_callback exists in the jack failed with the following output:
Change Dir: /home/predator/Documents/Project/temp/libsoundio/CMakeFiles/CMakeTmp

Run Build Command:"/usr/bin/make" "cmTC_db445/fast"
/usr/bin/make -f CMakeFiles/cmTC_db445.dir/build.make CMakeFiles/cmTC_db445.dir/build
make[1]: Entering directory '/home/predator/Documents/Project/temp/libsoundio/CMakeFiles/CMakeTmp'
Building C object CMakeFiles/cmTC_db445.dir/CheckFunctionExists.c.o
/usr/bin/cc    -DCHECK_FUNCTION_EXISTS=jack_set_port_rename_callback   -o CMakeFiles/cmTC_db445.dir/CheckFunctionExists.c.o   -c /usr/share/cmake-3.5/Modules/CheckFunctionExists.c
Linking C executable cmTC_db445
/usr/bin/cmake -E cmake_link_script CMakeFiles/cmTC_db445.dir/link.txt --verbose=1
/usr/bin/cc   -DCHECK_FUNCTION_EXISTS=jack_set_port_rename_callback    CMakeFiles/cmTC_db445.dir/CheckFunctionExists.c.o  -o cmTC_db445  -L/home/predator/Documents/Project/temp/libsoundio/CMakeFiles/CMakeTmp/JACK_LIBRARY-NOTFOUND -rdynamic -ljack -Wl,-rpath,/home/predator/Documents/Project/temp/libsoundio/CMakeFiles/CMakeTmp/JACK_LIBRARY-NOTFOUND 
/usr/bin/ld: cannot find -ljack
collect2: error: ld returned 1 exit status
CMakeFiles/cmTC_db445.dir/build.make:97: recipe for target 'cmTC_db445' failed
make[1]: *** [cmTC_db445] Error 1
make[1]: Leaving directory '/home/predator/Documents/Project/temp/libsoundio/CMakeFiles/CMakeTmp'
Makefile:126: recipe for target 'cmTC_db445/fast' failed
make: *** [cmTC_db445/fast] Error 2


